INFO 11/1/2025, 10:43:47 AM  191  launch with argv [/usr/share/typora/Typora, --enable-wayland-ime]
INFO 11/1/2025, 10:43:48 AM  426  ------------------start------------------
DEBUG 11/1/2025, 10:43:48 AM  449  before setting 
DEBUG 11/1/2025, 10:43:48 AM  537  prepDatabase /home/mihai/.config/Typora/profile.data
DEBUG 11/1/2025, 10:43:48 AM  559  prepDatabase /home/mihai/.config/Typora/history.data
INFO 11/1/2025, 10:43:48 AM  573  OS is linux 6.17.6-arch1-1
INFO 11/1/2025, 10:43:48 AM  573  launchFromDiffVersion, pre version is undefined
INFO 11/1/2025, 10:43:48 AM  573  start LM in devVersion=false
INFO 11/1/2025, 10:43:48 AM  611  overwriteThemeFolder
DEBUG 11/1/2025, 10:43:48 AM  619  after setting 
INFO 11/1/2025, 10:43:48 AM  619  typora version: 1.12.2
DEBUG 11/1/2025, 10:43:48 AM  718  app.openFile
INFO 11/1/2025, 10:43:48 AM  727  [watch L]
DEBUG 11/1/2025, 10:43:48 AM  729  prepDatabase /home/mihai/.config/Typora/OKoiVYWwaO
INFO 11/1/2025, 10:43:48 AM  736  no info
INFO 11/1/2025, 10:43:48 AM  736  ls put SLicense
DEBUG 11/1/2025, 10:43:48 AM  739  onUnfillLicense
DEBUG 11/1/2025, 10:43:48 AM  739  trailRemains is 15
INFO 11/1/2025, 10:43:48 AM  740  [L] installDate is 11/1/2025, trail remains: 15 days
DEBUG 11/1/2025, 10:43:48 AM  740  onUnfillLicense
INFO 11/1/2025, 10:43:48 AM  742  [watch L] hasL: false
DEBUG 11/1/2025, 10:43:48 AM  905  added recovery 1 null  (0)
DEBUG 11/1/2025, 10:43:48 AM  1137  putAccelerator File -> &File
DEBUG 11/1/2025, 10:43:48 AM  1138  putAccelerator Edit -> &Edit
DEBUG 11/1/2025, 10:43:48 AM  1141  putAccelerator Paragraph -> &Paragraph
DEBUG 11/1/2025, 10:43:48 AM  1141  putAccelerator Format -> F&ormat
DEBUG 11/1/2025, 10:43:48 AM  1142  putAccelerator View -> &View
DEBUG 11/1/2025, 10:43:48 AM  1142  putAccelerator Themes -> &Themes
DEBUG 11/1/2025, 10:43:48 AM  1142  putAccelerator Help -> &Help
INFO 11/1/2025, 10:43:49 AM  1234  synced recovery
user-dict.json not found
DEBUG 11/1/2025, 10:43:51 AM  3257  onUnfillLicense
ERROR 11/1/2025, 10:43:51 AM  3274  Error: net::ERR_FILE_NOT_FOUND
    at SimpleURLLoaderWrapper.<anonymous> (node:electron/js2c/browser_init:2:123516)
    at SimpleURLLoaderWrapper.emit (node:events:518:28)
ERROR 11/1/2025, 10:43:51 AM  3279  Error: net::ERR_FILE_NOT_FOUND
    at SimpleURLLoaderWrapper.<anonymous> (node:electron/js2c/browser_init:2:123516)
    at SimpleURLLoaderWrapper.emit (node:events:518:28)
INFO 11/1/2025, 10:43:51 AM  3279  handle document.loadData
DEBUG 11/1/2025, 10:43:51 AM  3280  document.loadData 0
INFO 11/1/2025, 10:43:51 AM  3386  [RenderProcess 1][Log] [UndoManager] reset commandStack
INFO 11/1/2025, 10:43:51 AM  3386  [RenderProcess 1][Log] reset NodeMap
DEBUG 11/1/2025, 10:43:51 AM  3403  added recovery 1   (0)
INFO 11/1/2025, 10:43:51 AM  3404  synced recovery
INFO 11/1/2025, 10:43:51 AM  3667  [RenderProcess 1][Log] onBecomeActive
INFO 11/1/2025, 10:43:51 AM  3667  [RenderProcess 1][Log] File.activeWindow = true
INFO 11/1/2025, 10:45:22 AM  94482  [focus] 1
INFO 11/1/2025, 10:45:26 AM  98870  synced recovery
INFO 11/1/2025, 10:45:26 AM  98870  ----------------before-quit-----------------
INFO 11/1/2025, 10:45:26 AM  98870  ------------------will-quit------------------
INFO 11/1/2025, 10:45:26 AM  98871  -----------------quit------------------
INFO 11/1/2025, 10:45:26 AM  98871  closeLogging
